<?xml version="1.0" encoding="UTF-8"?>
<!-- Generated by org.testng.reporters.JUnitXMLReporter -->
<testsuite ignored="0" hostname="Chiranjeevis-MacBook-Pro.local" failures="1" tests="2" name="Exclude" time="16.215" errors="0" timestamp="2024-11-24T00:50:23 GMT">
  <testcase classname="testCases.TC01_AccRegisterTest" name="verify_account_registration" time="0.055"/>
  <testcase classname="testCases.TC03_LoginValidationTest" name="validLogin" time="0.419">
    <failure type="java.lang.AssertionError" message="null">
      <![CDATA[java.lang.AssertionError: null
at testCases.TC03_LoginValidationTest.validLogin(TC03_LoginValidationTest.java:42)
at java.base/java.util.ArrayList.forEach(ArrayList.java:1596)
... Removed 27 stack frames]]>
    </failure>
  </testcase> <!-- validLogin -->
</testsuite> <!-- Exclude -->
