<?xml version="1.0" encoding="UTF-8"?>
<testng-results ignored="0" total="4" passed="3" failed="1" skipped="0">
  <reporter-output>
  </reporter-output>
  <suite started-at="2024-11-24T00:49:49 GMT" name="Master Suite" finished-at="2024-11-24T00:50:23 GMT" duration-ms="34491">
    <groups>
      <group name="Master">
        <method signature="TC01_AccRegisterTest.verify_account_registration()[pri:0, instance:testCases.TC01_AccRegisterTest@1ad777f]" name="verify_account_registration" class="testCases.TC01_AccRegisterTest"/>
        <method signature="TC01_AccRegisterTest.verify_account_registration()[pri:0, instance:testCases.TC01_AccRegisterTest@5a4ed68f]" name="verify_account_registration" class="testCases.TC01_AccRegisterTest"/>
      </group> <!-- Master -->
      <group name="Sanity">
        <method signature="TC01_AccRegisterTest.verify_account_registration()[pri:0, instance:testCases.TC01_AccRegisterTest@1ad777f]" name="verify_account_registration" class="testCases.TC01_AccRegisterTest"/>
        <method signature="TC01_AccRegisterTest.verify_account_registration()[pri:0, instance:testCases.TC01_AccRegisterTest@5a4ed68f]" name="verify_account_registration" class="testCases.TC01_AccRegisterTest"/>
      </group> <!-- Sanity -->
      <group name="Regression">
        <method signature="TC03_LoginValidationTest.validLogin()[pri:0, instance:testCases.TC03_LoginValidationTest@5bbbdd4b]" name="validLogin" class="testCases.TC03_LoginValidationTest"/>
        <method signature="TC03_LoginValidationTest.validLogin()[pri:0, instance:testCases.TC03_LoginValidationTest@367795c7]" name="validLogin" class="testCases.TC03_LoginValidationTest"/>
      </group> <!-- Regression -->
    </groups>
    <test started-at="2024-11-24T00:49:49 GMT" name="Actual" finished-at="2024-11-24T00:50:07 GMT" duration-ms="18238">
      <class name="testCases.TC03_LoginValidationTest">
        <test-method is-config="true" signature="setUp(java.lang.String)[pri:0, instance:testCases.TC03_LoginValidationTest@5bbbdd4b]" started-at="2024-11-24T00:49:58 GMT" name="setUp" finished-at="2024-11-24T00:50:00 GMT" duration-ms="2546" status="PASS">
          <params>
            <param index="0">
              <value>
                <![CDATA[chrome]]>
              </value>
            </param>
          </params>
          <reporter-output>
          </reporter-output>
        </test-method> <!-- setUp -->
        <test-method signature="validLogin()[pri:0, instance:testCases.TC03_LoginValidationTest@5bbbdd4b]" started-at="2024-11-24T00:50:00 GMT" name="validLogin" finished-at="2024-11-24T00:50:02 GMT" duration-ms="1778" status="PASS">
          <reporter-output>
          </reporter-output>
        </test-method> <!-- validLogin -->
        <test-method is-config="true" signature="tearDown()[pri:0, instance:testCases.TC03_LoginValidationTest@5bbbdd4b]" started-at="2024-11-24T00:50:02 GMT" name="tearDown" finished-at="2024-11-24T00:50:07 GMT" duration-ms="5143" status="PASS">
          <reporter-output>
          </reporter-output>
        </test-method> <!-- tearDown -->
      </class> <!-- testCases.TC03_LoginValidationTest -->
      <class name="testCases.TC01_AccRegisterTest">
        <test-method is-config="true" signature="setUp(java.lang.String)[pri:0, instance:testCases.TC01_AccRegisterTest@1ad777f]" started-at="2024-11-24T00:49:49 GMT" name="setUp" finished-at="2024-11-24T00:49:52 GMT" duration-ms="3044" status="PASS">
          <params>
            <param index="0">
              <value>
                <![CDATA[chrome]]>
              </value>
            </param>
          </params>
          <reporter-output>
          </reporter-output>
        </test-method> <!-- setUp -->
        <test-method signature="verify_account_registration()[pri:0, instance:testCases.TC01_AccRegisterTest@1ad777f]" started-at="2024-11-24T00:49:52 GMT" name="verify_account_registration" finished-at="2024-11-24T00:49:52 GMT" duration-ms="558" status="PASS">
          <reporter-output>
          </reporter-output>
        </test-method> <!-- verify_account_registration -->
        <test-method is-config="true" signature="tearDown()[pri:0, instance:testCases.TC01_AccRegisterTest@1ad777f]" started-at="2024-11-24T00:49:52 GMT" name="tearDown" finished-at="2024-11-24T00:49:58 GMT" duration-ms="5142" status="PASS">
          <reporter-output>
          </reporter-output>
        </test-method> <!-- tearDown -->
      </class> <!-- testCases.TC01_AccRegisterTest -->
    </test> <!-- Actual -->
    <test started-at="2024-11-24T00:50:07 GMT" name="Exclude" finished-at="2024-11-24T00:50:23 GMT" duration-ms="16215">
      <class name="testCases.TC03_LoginValidationTest">
        <test-method is-config="true" signature="setUp(java.lang.String)[pri:0, instance:testCases.TC03_LoginValidationTest@367795c7]" started-at="2024-11-24T00:50:15 GMT" name="setUp" finished-at="2024-11-24T00:50:18 GMT" duration-ms="2546" status="PASS">
          <params>
            <param index="0">
              <value>
                <![CDATA[safari]]>
              </value>
            </param>
          </params>
          <reporter-output>
          </reporter-output>
        </test-method> <!-- setUp -->
        <test-method signature="validLogin()[pri:0, instance:testCases.TC03_LoginValidationTest@367795c7]" started-at="2024-11-24T00:50:18 GMT" name="validLogin" finished-at="2024-11-24T00:50:18 GMT" duration-ms="419" status="FAIL">
          <exception class="java.lang.AssertionError">
            <message>
              <![CDATA[null]]>
            </message>
            <full-stacktrace>
              <![CDATA[java.lang.AssertionError: null
at org.testng.Assert.fail(Assert.java:111)
at org.testng.Assert.fail(Assert.java:116)
at testCases.TC03_LoginValidationTest.validLogin(TC03_LoginValidationTest.java:42)
at java.base/jdk.internal.reflect.DirectMethodHandleAccessor.invoke(DirectMethodHandleAccessor.java:103)
at java.base/java.lang.reflect.Method.invoke(Method.java:580)
at org.testng.internal.invokers.MethodInvocationHelper.invokeMethod(MethodInvocationHelper.java:141)
at org.testng.internal.invokers.TestInvoker.invokeMethod(TestInvoker.java:686)
at org.testng.internal.invokers.TestInvoker.invokeTestMethod(TestInvoker.java:230)
at org.testng.internal.invokers.MethodRunner.runInSequence(MethodRunner.java:63)
at org.testng.internal.invokers.TestInvoker$MethodInvocationAgent.invoke(TestInvoker.java:992)
at org.testng.internal.invokers.TestInvoker.invokeTestMethods(TestInvoker.java:203)
at org.testng.internal.invokers.TestMethodWorker.invokeTestMethods(TestMethodWorker.java:154)
at org.testng.internal.invokers.TestMethodWorker.run(TestMethodWorker.java:134)
at java.base/java.util.ArrayList.forEach(ArrayList.java:1596)
at org.testng.TestRunner.privateRun(TestRunner.java:739)
at org.testng.TestRunner.run(TestRunner.java:614)
at org.testng.SuiteRunner.runTest(SuiteRunner.java:421)
at org.testng.SuiteRunner.runSequentially(SuiteRunner.java:413)
at org.testng.SuiteRunner.privateRun(SuiteRunner.java:373)
at org.testng.SuiteRunner.run(SuiteRunner.java:312)
at org.testng.SuiteRunnerWorker.runSuite(SuiteRunnerWorker.java:52)
at org.testng.SuiteRunnerWorker.run(SuiteRunnerWorker.java:95)
at org.testng.TestNG.runSuitesSequentially(TestNG.java:1274)
at org.testng.TestNG.runSuitesLocally(TestNG.java:1208)
at org.testng.TestNG.runSuites(TestNG.java:1112)
at org.testng.TestNG.run(TestNG.java:1079)
at org.testng.remote.AbstractRemoteTestNG.run(AbstractRemoteTestNG.java:115)
at org.testng.remote.RemoteTestNG.initAndRun(RemoteTestNG.java:293)
at org.testng.remote.RemoteTestNG.main(RemoteTestNG.java:91)
]]>
            </full-stacktrace>
          </exception> <!-- java.lang.AssertionError -->
          <reporter-output>
          </reporter-output>
        </test-method> <!-- validLogin -->
        <test-method is-config="true" signature="tearDown()[pri:0, instance:testCases.TC03_LoginValidationTest@367795c7]" started-at="2024-11-24T00:50:18 GMT" name="tearDown" finished-at="2024-11-24T00:50:23 GMT" duration-ms="5248" status="PASS">
          <reporter-output>
          </reporter-output>
        </test-method> <!-- tearDown -->
      </class> <!-- testCases.TC03_LoginValidationTest -->
      <class name="testCases.TC01_AccRegisterTest">
        <test-method is-config="true" signature="setUp(java.lang.String)[pri:0, instance:testCases.TC01_AccRegisterTest@5a4ed68f]" started-at="2024-11-24T00:50:07 GMT" name="setUp" finished-at="2024-11-24T00:50:10 GMT" duration-ms="2688" status="PASS">
          <params>
            <param index="0">
              <value>
                <![CDATA[safari]]>
              </value>
            </param>
          </params>
          <reporter-output>
          </reporter-output>
        </test-method> <!-- setUp -->
        <test-method signature="verify_account_registration()[pri:0, instance:testCases.TC01_AccRegisterTest@5a4ed68f]" started-at="2024-11-24T00:50:10 GMT" name="verify_account_registration" finished-at="2024-11-24T00:50:10 GMT" duration-ms="55" status="PASS">
          <reporter-output>
          </reporter-output>
        </test-method> <!-- verify_account_registration -->
        <test-method is-config="true" signature="tearDown()[pri:0, instance:testCases.TC01_AccRegisterTest@5a4ed68f]" started-at="2024-11-24T00:50:10 GMT" name="tearDown" finished-at="2024-11-24T00:50:15 GMT" duration-ms="5253" status="PASS">
          <reporter-output>
          </reporter-output>
        </test-method> <!-- tearDown -->
      </class> <!-- testCases.TC01_AccRegisterTest -->
    </test> <!-- Exclude -->
  </suite> <!-- Master Suite -->
</testng-results>
